
> vehicle-inspection-app@0.0.0 dev
> concurrently "npm run dev:frontend" "npm run dev:backend"

[1] 
[1] > vehicle-inspection-app@0.0.0 dev:backend
[1] > cd server && npm run dev
[1] 
[0] 
[0] > vehicle-inspection-app@0.0.0 dev:frontend
[0] > vite --host
[0] 
[0] error when starting dev server:
[0] Error: Port 3000 is already in use
[0]     at Server.onError (file:///Users/stephenvillavaso/Curser%20Inspection%20App/node_modules/vite/dist/node/chunks/dep-827b23df.js:54873:28)
[0]     at Server.emit (node:events:513:28)
[0]     at emitErrorNT (node:net:1490:8)
[0]     at processTicksAndRejections (node:internal/process/task_queues:83:21)
[0] npm run dev:frontend exited with code 1
[1] 
[1] > vehicle-inspection-server@1.0.0 dev
[1] > nodemon index.js
[1] 
[1] [33m[nodemon] 2.0.22[39m
[1] [33m[nodemon] to restart at any time, enter `rs`[39m
[1] [33m[nodemon] watching path(s): *.*[39m
[1] [33m[nodemon] watching extensions: js,mjs,json[39m
[1] [32m[nodemon] starting `node index.js`[39m
[1] node:events:491
[1]       throw er; // Unhandled 'error' event
[1]       ^
[1] 
[1] Error: listen EADDRINUSE: address already in use 0.0.0.0:5001
[1]     at Server.setupListenHandle [as _listen2] (node:net:1463:16)
[1]     at listenInCluster (node:net:1511:12)
[1]     at doListen (node:net:1660:7)
[1]     at processTicksAndRejections (node:internal/process/task_queues:84:21)
[1] Emitted 'error' event on WebSocketServer instance at:
[1]     at Server.emit (node:events:513:28)
[1]     at emitErrorNT (node:net:1490:8)
[1]     at processTicksAndRejections (node:internal/process/task_queues:83:21) {
[1]   code: 'EADDRINUSE',
[1]   errno: -48,
[1]   syscall: 'listen',
[1]   address: '0.0.0.0',
[1]   port: 5001
[1] }
[1] [31m[nodemon] app crashed - waiting for file changes before starting...[39m
[1] [32m[nodemon] restarting due to changes...[39m
[1] [32m[nodemon] starting `node index.js`[39m
[1] [32m[nodemon] restarting due to changes...[39m
[1] [32m[nodemon] starting `node index.js`[39m
[1] node:events:491
[1]       throw er; // Unhandled 'error' event
[1]       ^
[1] 
[1] Error: listen EADDRINUSE: address already in use 0.0.0.0:5001
[1]     at Server.setupListenHandle [as _listen2] (node:net:1463:16)
[1]     at listenInCluster (node:net:1511:12)
[1]     at doListen (node:net:1660:7)
[1]     at processTicksAndRejections (node:internal/process/task_queues:84:21)
[1] Emitted 'error' event on WebSocketServer instance at:
[1]     at Server.emit (node:events:513:28)
[1]     at emitErrorNT (node:net:1490:8)
[1]     at processTicksAndRejections (node:internal/process/task_queues:83:21) {
[1]   code: 'EADDRINUSE',
[1]   errno: -48,
[1]   syscall: 'listen',
[1]   address: '0.0.0.0',
[1]   port: 5001
[1] }
[1] [31m[nodemon] app crashed - waiting for file changes before starting...[39m
[1] [32m[nodemon] restarting due to changes...[39m
[1] [32m[nodemon] starting `node index.js`[39m
[1] ✅ Backend running at:
[1]    Local:   http://localhost:5001
[1]    Network: http://192.168.1.9:5001
[1] ✅ Connected to SQLite
[1] [32m[nodemon] restarting due to changes...[39m
[1] [32m[nodemon] starting `node index.js`[39m
[1] node:events:491
[1]       throw er; // Unhandled 'error' event
[1]       ^
[1] 
[1] Error: listen EADDRINUSE: address already in use 0.0.0.0:5001
[1]     at Server.setupListenHandle [as _listen2] (node:net:1463:16)
[1]     at listenInCluster (node:net:1511:12)
[1]     at doListen (node:net:1660:7)
[1]     at processTicksAndRejections (node:internal/process/task_queues:84:21)
[1] Emitted 'error' event on WebSocketServer instance at:
[1]     at Server.emit (node:events:513:28)
[1]     at emitErrorNT (node:net:1490:8)
[1]     at processTicksAndRejections (node:internal/process/task_queues:83:21) {
[1]   code: 'EADDRINUSE',
[1]   errno: -48,
[1]   syscall: 'listen',
[1]   address: '0.0.0.0',
[1]   port: 5001
[1] }
[1] [31m[nodemon] app crashed - waiting for file changes before starting...[39m
[1] [32m[nodemon] restarting due to changes...[39m
[1] [32m[nodemon] starting `node index.js`[39m
[1] ✅ Backend running at:
[1]    Local:   http://localhost:5001
[1]    Network: http://192.168.1.9:5001
[1] ✅ Connected to SQLite
[1] [32m[nodemon] restarting due to changes...[39m
[1] [32m[nodemon] starting `node index.js`[39m
[1] node:events:491
[1]       throw er; // Unhandled 'error' event
[1]       ^
[1] 
[1] Error: listen EADDRINUSE: address already in use 0.0.0.0:5001
[1]     at Server.setupListenHandle [as _listen2] (node:net:1463:16)
[1]     at listenInCluster (node:net:1511:12)
[1]     at doListen (node:net:1660:7)
[1]     at processTicksAndRejections (node:internal/process/task_queues:84:21)
[1] Emitted 'error' event on WebSocketServer instance at:
[1]     at Server.emit (node:events:513:28)
[1]     at emitErrorNT (node:net:1490:8)
[1]     at processTicksAndRejections (node:internal/process/task_queues:83:21) {
[1]   code: 'EADDRINUSE',
[1]   errno: -48,
[1]   syscall: 'listen',
[1]   address: '0.0.0.0',
[1]   port: 5001
[1] }
[1] [31m[nodemon] app crashed - waiting for file changes before starting...[39m
[1] [32m[nodemon] restarting due to changes...[39m
[1] [32m[nodemon] starting `node index.js`[39m
[1] 2025-06-13 23:08:44 [INFO]: ✅ Backend running at:
[1] 2025-06-13 23:08:44 [INFO]:    Local:   http://localhost:5001
[1] 2025-06-13 23:08:44 [INFO]:    Network: http://192.168.1.9:5001
[1] 2025-06-13 23:08:44 [INFO]: ✅ Connected to SQLite
[1] 2025-06-13 23:09:23 [INFO]: --- /api/register called ---
[1] 2025-06-13 23:09:23 [INFO]: Received:
[1] 2025-06-13 23:09:23 [INFO]: Loaded users:
[1] 2025-06-13 23:09:23 [INFO]: Email already registered:
[1] 2025-06-13 23:11:01 [INFO]: --- /api/register called ---
[1] 2025-06-13 23:11:01 [INFO]: Received:
[1] 2025-06-13 23:11:01 [INFO]: Loaded users:
[1] 2025-06-13 23:11:01 [INFO]: Email already registered:
[1] 2025-06-13 23:11:08 [INFO]: --- /api/register called ---
[1] 2025-06-13 23:11:08 [INFO]: Received:
[1] 2025-06-13 23:11:08 [INFO]: Loaded users:
[1] 2025-06-13 23:11:08 [INFO]: Email already registered:
[1] [32m[nodemon] restarting due to changes...[39m
[1] [32m[nodemon] starting `node index.js`[39m
[1] node:events:491
[1]       throw er; // Unhandled 'error' event
[1]       ^
[1] 
[1] Error: listen EADDRINUSE: address already in use 0.0.0.0:5001
[1]     at Server.setupListenHandle [as _listen2] (node:net:1463:16)
[1]     at listenInCluster (node:net:1511:12)
[1]     at doListen (node:net:1660:7)
[1]     at processTicksAndRejections (node:internal/process/task_queues:84:21)
[1] Emitted 'error' event on WebSocketServer instance at:
[1]     at Server.emit (node:events:513:28)
[1]     at emitErrorNT (node:net:1490:8)
[1]     at processTicksAndRejections (node:internal/process/task_queues:83:21) {
[1]   code: 'EADDRINUSE',
[1]   errno: -48,
[1]   syscall: 'listen',
[1]   address: '0.0.0.0',
[1]   port: 5001
[1] }
[1] [31m[nodemon] app crashed - waiting for file changes before starting...[39m
[1] [32m[nodemon] restarting due to changes...[39m
[1] [32m[nodemon] starting `node index.js`[39m
[1] 2025-06-13 23:11:24 [INFO]: ✅ Backend running at:
[1] 2025-06-13 23:11:24 [INFO]:    Local:   http://localhost:5001
[1] 2025-06-13 23:11:24 [INFO]:    Network: http://192.168.1.9:5001
[1] 2025-06-13 23:11:24 [INFO]: ✅ Connected to SQLite
[1] [32m[nodemon] restarting due to changes...[39m
[1] [32m[nodemon] starting `node index.js`[39m
[1] node:events:491
[1]       throw er; // Unhandled 'error' event
[1]       ^
[1] 
[1] Error: listen EADDRINUSE: address already in use 0.0.0.0:5001
[1]     at Server.setupListenHandle [as _listen2] (node:net:1463:16)
[1]     at listenInCluster (node:net:1511:12)
[1]     at doListen (node:net:1660:7)
[1]     at processTicksAndRejections (node:internal/process/task_queues:84:21)
[1] Emitted 'error' event on WebSocketServer instance at:
[1]     at Server.emit (node:events:513:28)
[1]     at emitErrorNT (node:net:1490:8)
[1]     at processTicksAndRejections (node:internal/process/task_queues:83:21) {
[1]   code: 'EADDRINUSE',
[1]   errno: -48,
[1]   syscall: 'listen',
[1]   address: '0.0.0.0',
[1]   port: 5001
[1] }
[1] [31m[nodemon] app crashed - waiting for file changes before starting...[39m
[1] [32m[nodemon] restarting due to changes...[39m
[1] [32m[nodemon] starting `node index.js`[39m
[1] 2025-06-13 23:12:00 [INFO]: ✅ Backend running at:
[1] 2025-06-13 23:12:00 [INFO]:    Local:   http://localhost:5001
[1] 2025-06-13 23:12:00 [INFO]:    Network: http://192.168.1.9:5001
[1] 2025-06-13 23:12:00 [INFO]: ✅ Connected to SQLite
[1] [32m[nodemon] restarting due to changes...[39m
[1] [32m[nodemon] starting `node index.js`[39m
[1] [32m[nodemon] restarting due to changes...[39m
[1] [32m[nodemon] starting `node index.js`[39m
[1] 2025-06-13 23:12:02 [INFO]: ✅ Backend running at:
[1] 2025-06-13 23:12:02 [INFO]:    Local:   http://localhost:5001
[1] 2025-06-13 23:12:02 [INFO]:    Network: http://192.168.1.9:5001
[1] 2025-06-13 23:12:02 [INFO]: ✅ Connected to SQLite
[1] [32m[nodemon] restarting due to changes...[39m
[1] [32m[nodemon] starting `node index.js`[39m
[1] 2025-06-13 23:12:45 [INFO]: ✅ Backend running at:
[1] 2025-06-13 23:12:45 [INFO]:    Local:   http://localhost:5001
[1] 2025-06-13 23:12:45 [INFO]:    Network: http://192.168.1.9:5001
[1] 2025-06-13 23:12:45 [INFO]: ✅ Connected to SQLite
[1] [32m[nodemon] restarting due to changes...[39m
[1] [32m[nodemon] starting `node index.js`[39m
[1] node:events:491
[1]       throw er; // Unhandled 'error' event
[1]       ^
[1] 
[1] Error: listen EADDRINUSE: address already in use 0.0.0.0:5001
[1]     at Server.setupListenHandle [as _listen2] (node:net:1463:16)
[1]     at listenInCluster (node:net:1511:12)
[1]     at doListen (node:net:1660:7)
[1]     at processTicksAndRejections (node:internal/process/task_queues:84:21)
[1] Emitted 'error' event on WebSocketServer instance at:
[1]     at Server.emit (node:events:513:28)
[1]     at emitErrorNT (node:net:1490:8)
[1]     at processTicksAndRejections (node:internal/process/task_queues:83:21) {
[1]   code: 'EADDRINUSE',
[1]   errno: -48,
[1]   syscall: 'listen',
[1]   address: '0.0.0.0',
[1]   port: 5001
[1] }
[1] [31m[nodemon] app crashed - waiting for file changes before starting...[39m
[1] [32m[nodemon] restarting due to changes...[39m
[1] [32m[nodemon] starting `node index.js`[39m
[1] 2025-06-13 23:13:55 [INFO]: ✅ Backend running at:
[1] 2025-06-13 23:13:55 [INFO]:    Local:   http://localhost:5001
[1] 2025-06-13 23:13:55 [INFO]:    Network: http://192.168.1.9:5001
[1] 2025-06-13 23:13:55 [INFO]: ✅ Connected to SQLite
[1] [32m[nodemon] restarting due to changes...[39m
[1] [32m[nodemon] starting `node index.js`[39m
[1] node:events:491
[1]       throw er; // Unhandled 'error' event
[1]       ^
[1] 
[1] Error: listen EADDRINUSE: address already in use 0.0.0.0:5001
[1]     at Server.setupListenHandle [as _listen2] (node:net:1463:16)
[1]     at listenInCluster (node:net:1511:12)
[1]     at doListen (node:net:1660:7)
[1]     at processTicksAndRejections (node:internal/process/task_queues:84:21)
[1] Emitted 'error' event on WebSocketServer instance at:
[1]     at Server.emit (node:events:513:28)
[1]     at emitErrorNT (node:net:1490:8)
[1]     at processTicksAndRejections (node:internal/process/task_queues:83:21) {
[1]   code: 'EADDRINUSE',
[1]   errno: -48,
[1]   syscall: 'listen',
[1]   address: '0.0.0.0',
[1]   port: 5001
[1] }
[1] [31m[nodemon] app crashed - waiting for file changes before starting...[39m
[1] [32m[nodemon] restarting due to changes...[39m
[1] [32m[nodemon] starting `node index.js`[39m
[1] 2025-06-13 23:13:57 [INFO]: ✅ Backend running at:
[1] 2025-06-13 23:13:57 [INFO]:    Local:   http://localhost:5001
[1] 2025-06-13 23:13:57 [INFO]:    Network: http://192.168.1.9:5001
[1] 2025-06-13 23:13:57 [INFO]: ✅ Connected to SQLite
[1] [32m[nodemon] restarting due to changes...[39m
[1] [32m[nodemon] starting `node index.js`[39m
[1] 2025-06-13 23:16:19 [INFO]: ✅ Backend running at:
[1] 2025-06-13 23:16:19 [INFO]:    Local:   http://localhost:5001
[1] 2025-06-13 23:16:19 [INFO]:    Network: http://192.168.1.9:5001
[1] 2025-06-13 23:16:19 [INFO]: ✅ Connected to SQLite
[1] npm run dev:backend exited with code SIGTERM
